{"/home/ubuntu/workspace/mongo-shopping-list/server.js":{"path":"/home/ubuntu/workspace/mongo-shopping-list/server.js","s":{"1":1,"2":1,"3":1,"4":1,"5":1,"6":1,"7":1,"8":1,"9":1,"10":1,"11":0,"12":1,"13":1,"14":1,"15":1,"16":1,"17":0,"18":0,"19":0,"20":1,"21":1,"22":6,"23":6,"24":0,"25":6,"26":1,"27":2,"28":1,"29":1,"30":1,"31":0,"32":1,"33":1,"34":3,"35":1,"36":2,"37":2,"38":1,"39":1,"40":1,"41":2,"42":2,"43":1,"44":1,"45":1,"46":0,"47":1,"48":1},"b":{"1":[0,1],"2":[1,0],"3":[1,0],"4":[0,1],"5":[0,0],"6":[0,6],"7":[1,1],"8":[0,1],"9":[1,2],"10":[1,1],"11":[1,1]},"f":{"1":1,"2":1,"3":1,"4":0,"5":6,"6":6,"7":2,"8":1,"9":3,"10":2,"11":2,"12":2,"13":0},"fnMap":{"1":{"name":"(anonymous_1)","line":12,"loc":{"start":{"line":12,"column":16},"end":{"line":12,"column":35}}},"2":{"name":"(anonymous_2)","line":13,"loc":{"start":{"line":13,"column":42},"end":{"line":13,"column":56}}},"3":{"name":"(anonymous_3)","line":18,"loc":{"start":{"line":18,"column":32},"end":{"line":18,"column":43}}},"4":{"name":"(anonymous_4)","line":28,"loc":{"start":{"line":28,"column":14},"end":{"line":28,"column":28}}},"5":{"name":"(anonymous_5)","line":37,"loc":{"start":{"line":37,"column":18},"end":{"line":37,"column":37}}},"6":{"name":"(anonymous_6)","line":38,"loc":{"start":{"line":38,"column":14},"end":{"line":38,"column":35}}},"7":{"name":"(anonymous_7)","line":48,"loc":{"start":{"line":48,"column":19},"end":{"line":48,"column":38}}},"8":{"name":"(anonymous_8)","line":54,"loc":{"start":{"line":54,"column":7},"end":{"line":54,"column":27}}},"9":{"name":"(anonymous_9)","line":67,"loc":{"start":{"line":67,"column":22},"end":{"line":67,"column":41}}},"10":{"name":"(anonymous_10)","line":75,"loc":{"start":{"line":75,"column":35},"end":{"line":75,"column":55}}},"11":{"name":"(anonymous_11)","line":88,"loc":{"start":{"line":88,"column":25},"end":{"line":88,"column":44}}},"12":{"name":"(anonymous_12)","line":93,"loc":{"start":{"line":93,"column":7},"end":{"line":93,"column":27}}},"13":{"name":"(anonymous_13)","line":106,"loc":{"start":{"line":106,"column":13},"end":{"line":106,"column":32}}}},"statementMap":{"1":{"start":{"line":1,"column":0},"end":{"line":1,"column":33}},"2":{"start":{"line":2,"column":0},"end":{"line":2,"column":40}},"3":{"start":{"line":3,"column":0},"end":{"line":3,"column":35}},"4":{"start":{"line":5,"column":0},"end":{"line":5,"column":33}},"5":{"start":{"line":7,"column":0},"end":{"line":7,"column":20}},"6":{"start":{"line":9,"column":0},"end":{"line":9,"column":27}},"7":{"start":{"line":10,"column":0},"end":{"line":10,"column":34}},"8":{"start":{"line":12,"column":0},"end":{"line":25,"column":2}},"9":{"start":{"line":13,"column":4},"end":{"line":24,"column":7}},"10":{"start":{"line":14,"column":8},"end":{"line":16,"column":9}},"11":{"start":{"line":15,"column":12},"end":{"line":15,"column":33}},"12":{"start":{"line":18,"column":8},"end":{"line":23,"column":11}},"13":{"start":{"line":19,"column":12},"end":{"line":19,"column":65}},"14":{"start":{"line":20,"column":12},"end":{"line":22,"column":13}},"15":{"start":{"line":21,"column":16},"end":{"line":21,"column":27}},"16":{"start":{"line":27,"column":0},"end":{"line":33,"column":1}},"17":{"start":{"line":28,"column":4},"end":{"line":32,"column":7}},"18":{"start":{"line":29,"column":8},"end":{"line":31,"column":9}},"19":{"start":{"line":30,"column":12},"end":{"line":30,"column":31}},"20":{"start":{"line":35,"column":0},"end":{"line":35,"column":36}},"21":{"start":{"line":37,"column":0},"end":{"line":46,"column":3}},"22":{"start":{"line":38,"column":4},"end":{"line":45,"column":7}},"23":{"start":{"line":39,"column":8},"end":{"line":43,"column":9}},"24":{"start":{"line":40,"column":12},"end":{"line":42,"column":15}},"25":{"start":{"line":44,"column":8},"end":{"line":44,"column":24}},"26":{"start":{"line":48,"column":0},"end":{"line":63,"column":3}},"27":{"start":{"line":49,"column":4},"end":{"line":51,"column":5}},"28":{"start":{"line":50,"column":8},"end":{"line":50,"column":35}},"29":{"start":{"line":52,"column":4},"end":{"line":62,"column":7}},"30":{"start":{"line":55,"column":8},"end":{"line":60,"column":9}},"31":{"start":{"line":57,"column":12},"end":{"line":59,"column":15}},"32":{"start":{"line":61,"column":8},"end":{"line":61,"column":35}},"33":{"start":{"line":67,"column":0},"end":{"line":86,"column":3}},"34":{"start":{"line":68,"column":4},"end":{"line":70,"column":1}},"35":{"start":{"line":69,"column":8},"end":{"line":69,"column":63}},"36":{"start":{"line":71,"column":4},"end":{"line":83,"column":14}},"37":{"start":{"line":76,"column":8},"end":{"line":81,"column":9}},"38":{"start":{"line":78,"column":12},"end":{"line":80,"column":15}},"39":{"start":{"line":82,"column":8},"end":{"line":82,"column":34}},"40":{"start":{"line":88,"column":0},"end":{"line":104,"column":3}},"41":{"start":{"line":89,"column":4},"end":{"line":101,"column":14}},"42":{"start":{"line":94,"column":8},"end":{"line":99,"column":9}},"43":{"start":{"line":96,"column":12},"end":{"line":98,"column":15}},"44":{"start":{"line":100,"column":8},"end":{"line":100,"column":34}},"45":{"start":{"line":106,"column":0},"end":{"line":110,"column":3}},"46":{"start":{"line":107,"column":4},"end":{"line":109,"column":7}},"47":{"start":{"line":112,"column":0},"end":{"line":112,"column":18}},"48":{"start":{"line":113,"column":0},"end":{"line":113,"column":30}}},"branchMap":{"1":{"line":14,"type":"if","locations":[{"start":{"line":14,"column":8},"end":{"line":14,"column":8}},{"start":{"line":14,"column":8},"end":{"line":14,"column":8}}]},"2":{"line":14,"type":"binary-expr","locations":[{"start":{"line":14,"column":12},"end":{"line":14,"column":15}},{"start":{"line":14,"column":19},"end":{"line":14,"column":27}}]},"3":{"line":20,"type":"if","locations":[{"start":{"line":20,"column":12},"end":{"line":20,"column":12}},{"start":{"line":20,"column":12},"end":{"line":20,"column":12}}]},"4":{"line":27,"type":"if","locations":[{"start":{"line":27,"column":0},"end":{"line":27,"column":0}},{"start":{"line":27,"column":0},"end":{"line":27,"column":0}}]},"5":{"line":29,"type":"if","locations":[{"start":{"line":29,"column":8},"end":{"line":29,"column":8}},{"start":{"line":29,"column":8},"end":{"line":29,"column":8}}]},"6":{"line":39,"type":"if","locations":[{"start":{"line":39,"column":8},"end":{"line":39,"column":8}},{"start":{"line":39,"column":8},"end":{"line":39,"column":8}}]},"7":{"line":49,"type":"if","locations":[{"start":{"line":49,"column":4},"end":{"line":49,"column":4}},{"start":{"line":49,"column":4},"end":{"line":49,"column":4}}]},"8":{"line":55,"type":"if","locations":[{"start":{"line":55,"column":8},"end":{"line":55,"column":8}},{"start":{"line":55,"column":8},"end":{"line":55,"column":8}}]},"9":{"line":68,"type":"if","locations":[{"start":{"line":68,"column":4},"end":{"line":68,"column":4}},{"start":{"line":68,"column":4},"end":{"line":68,"column":4}}]},"10":{"line":76,"type":"if","locations":[{"start":{"line":76,"column":8},"end":{"line":76,"column":8}},{"start":{"line":76,"column":8},"end":{"line":76,"column":8}}]},"11":{"line":94,"type":"if","locations":[{"start":{"line":94,"column":8},"end":{"line":94,"column":8}},{"start":{"line":94,"column":8},"end":{"line":94,"column":8}}]}}},"/home/ubuntu/workspace/mongo-shopping-list/config.js":{"path":"/home/ubuntu/workspace/mongo-shopping-list/config.js","s":{"1":1,"2":1},"b":{"1":[1,1,0],"2":[0,0],"3":[1,0]},"f":{},"fnMap":{},"statementMap":{"1":{"start":{"line":1,"column":0},"end":{"line":5,"column":69}},"2":{"start":{"line":6,"column":0},"end":{"line":6,"column":40}}},"branchMap":{"1":{"line":1,"type":"binary-expr","locations":[{"start":{"line":1,"column":23},"end":{"line":1,"column":47}},{"start":{"line":2,"column":23},"end":{"line":2,"column":42}},{"start":{"line":3,"column":24},"end":{"line":5,"column":67}}]},"2":{"line":3,"type":"cond-expr","locations":[{"start":{"line":4,"column":28},"end":{"line":4,"column":63}},{"start":{"line":5,"column":28},"end":{"line":5,"column":67}}]},"3":{"line":6,"type":"binary-expr","locations":[{"start":{"line":6,"column":15},"end":{"line":6,"column":31}},{"start":{"line":6,"column":35},"end":{"line":6,"column":39}}]}}},"/home/ubuntu/workspace/mongo-shopping-list/models/item.js":{"path":"/home/ubuntu/workspace/mongo-shopping-list/models/item.js","s":{"1":1,"2":1,"3":1,"4":1},"b":{},"f":{},"fnMap":{},"statementMap":{"1":{"start":{"line":1,"column":0},"end":{"line":1,"column":35}},"2":{"start":{"line":3,"column":0},"end":{"line":5,"column":3}},"3":{"start":{"line":7,"column":0},"end":{"line":7,"column":46}},"4":{"start":{"line":9,"column":0},"end":{"line":9,"column":22}}},"branchMap":{}}}