TN:
SF:/home/ubuntu/workspace/mongo-shopping-list/server.js
FN:12,(anonymous_1)
FN:13,(anonymous_2)
FN:18,(anonymous_3)
FN:28,(anonymous_4)
FN:37,(anonymous_5)
FN:38,(anonymous_6)
FN:48,(anonymous_7)
FN:54,(anonymous_8)
FN:67,(anonymous_9)
FN:75,(anonymous_10)
FN:88,(anonymous_11)
FN:93,(anonymous_12)
FN:106,(anonymous_13)
FNF:13
FNH:11
FNDA:1,(anonymous_1)
FNDA:1,(anonymous_2)
FNDA:1,(anonymous_3)
FNDA:0,(anonymous_4)
FNDA:6,(anonymous_5)
FNDA:6,(anonymous_6)
FNDA:2,(anonymous_7)
FNDA:1,(anonymous_8)
FNDA:3,(anonymous_9)
FNDA:2,(anonymous_10)
FNDA:2,(anonymous_11)
FNDA:2,(anonymous_12)
FNDA:0,(anonymous_13)
DA:1,1
DA:2,1
DA:3,1
DA:5,1
DA:7,1
DA:9,1
DA:10,1
DA:12,1
DA:13,1
DA:14,1
DA:15,0
DA:18,1
DA:19,1
DA:20,1
DA:21,1
DA:27,1
DA:28,0
DA:29,0
DA:30,0
DA:35,1
DA:37,1
DA:38,6
DA:39,6
DA:40,0
DA:44,6
DA:48,1
DA:49,2
DA:50,1
DA:52,1
DA:55,1
DA:57,0
DA:61,1
DA:67,1
DA:68,3
DA:69,1
DA:71,2
DA:76,2
DA:78,1
DA:82,1
DA:88,1
DA:89,2
DA:94,2
DA:96,1
DA:100,1
DA:106,1
DA:107,0
DA:112,1
DA:113,1
LF:48
LH:41
BRDA:14,1,0,0
BRDA:14,1,1,1
BRDA:14,2,0,1
BRDA:14,2,1,0
BRDA:20,3,0,1
BRDA:20,3,1,0
BRDA:27,4,0,0
BRDA:27,4,1,1
BRDA:29,5,0,0
BRDA:29,5,1,0
BRDA:39,6,0,0
BRDA:39,6,1,6
BRDA:49,7,0,1
BRDA:49,7,1,1
BRDA:55,8,0,0
BRDA:55,8,1,1
BRDA:68,9,0,1
BRDA:68,9,1,2
BRDA:76,10,0,1
BRDA:76,10,1,1
BRDA:94,11,0,1
BRDA:94,11,1,1
BRF:22
BRH:14
end_of_record
TN:
SF:/home/ubuntu/workspace/mongo-shopping-list/config.js
FNF:0
FNH:0
DA:1,1
DA:6,1
LF:2
LH:2
BRDA:1,1,0,1
BRDA:1,1,1,1
BRDA:1,1,2,0
BRDA:3,2,0,0
BRDA:3,2,1,0
BRDA:6,3,0,1
BRDA:6,3,1,0
BRF:7
BRH:3
end_of_record
TN:
SF:/home/ubuntu/workspace/mongo-shopping-list/models/item.js
FNF:0
FNH:0
DA:1,1
DA:3,1
DA:7,1
DA:9,1
LF:4
LH:4
BRF:0
BRH:0
end_of_record
